{"D:\\code\\React\\MoviesAPI\\src\\components\\Button\\Button.js": {"path":"D:\\code\\React\\MoviesAPI\\src\\components\\Button\\Button.js","statementMap":{"0":{"start":{"line":6,"column":15},"end":{"line":23,"column":1}},"1":{"start":{"line":14,"column":8},"end":{"line":14,"column":18}},"2":{"start":{"line":17,"column":4},"end":{"line":22,"column":17}},"3":{"start":{"line":25,"column":0},"end":{"line":31,"column":2}}},"fnMap":{"0":{"name":"(anonymous_0)","decl":{"start":{"line":6,"column":15},"end":{"line":6,"column":16}},"loc":{"start":{"line":12,"column":6},"end":{"line":23,"column":1}},"line":12},"1":{"name":"handleClick","decl":{"start":{"line":13,"column":13},"end":{"line":13,"column":24}},"loc":{"start":{"line":13,"column":27},"end":{"line":15,"column":5}},"line":13}},"branchMap":{"0":{"loc":{"start":{"line":7,"column":4},"end":{"line":7,"column":19}},"type":"default-arg","locations":[{"start":{"line":7,"column":11},"end":{"line":7,"column":19}}],"line":7},"1":{"loc":{"start":{"line":8,"column":4},"end":{"line":8,"column":18}},"type":"default-arg","locations":[{"start":{"line":8,"column":16},"end":{"line":8,"column":18}}],"line":8},"2":{"loc":{"start":{"line":9,"column":4},"end":{"line":9,"column":17}},"type":"default-arg","locations":[{"start":{"line":9,"column":11},"end":{"line":9,"column":17}}],"line":9},"3":{"loc":{"start":{"line":11,"column":4},"end":{"line":11,"column":32}},"type":"default-arg","locations":[{"start":{"line":11,"column":14},"end":{"line":11,"column":32}}],"line":11},"4":{"loc":{"start":{"line":18,"column":48},"end":{"line":18,"column":72}},"type":"binary-expr","locations":[{"start":{"line":18,"column":48},"end":{"line":18,"column":66}},{"start":{"line":18,"column":70},"end":{"line":18,"column":72}}],"line":18}},"s":{"0":2,"1":0,"2":115,"3":2},"f":{"0":115,"1":0},"b":{"0":[58],"1":[0],"2":[1],"3":[60],"4":[115,0]},"_coverageSchema":"1a1c01bbd47fc00a2c39e90264f33305004495a9","hash":"c1b2c179d7cba53df60b320b3102c7b41617566c"}
,"D:\\code\\React\\MoviesAPI\\src\\components\\Button\\index.js": {"path":"D:\\code\\React\\MoviesAPI\\src\\components\\Button\\index.js","statementMap":{},"fnMap":{},"branchMap":{},"s":{},"f":{},"b":{},"_coverageSchema":"1a1c01bbd47fc00a2c39e90264f33305004495a9","hash":"c7bc1439ec61f19448fe03d346e0429ab06291a6"}
,"D:\\code\\React\\MoviesAPI\\src\\components\\Button\\styles.pcss": {"path":"D:\\code\\React\\MoviesAPI\\src\\components\\Button\\styles.pcss","statementMap":{"0":{"start":{"line":1,"column":13},"end":{"line":1,"column":100}},"1":{"start":{"line":3,"column":4},"end":{"line":24,"column":5}},"2":{"start":{"line":4,"column":8},"end":{"line":6,"column":11}},"3":{"start":{"line":7,"column":8},"end":{"line":18,"column":11}},"4":{"start":{"line":9,"column":16},"end":{"line":11,"column":17}},"5":{"start":{"line":10,"column":20},"end":{"line":10,"column":34}},"6":{"start":{"line":12,"column":16},"end":{"line":12,"column":36}},"7":{"start":{"line":16,"column":16},"end":{"line":16,"column":30}},"8":{"start":{"line":20,"column":8},"end":{"line":22,"column":11}},"9":{"start":{"line":23,"column":8},"end":{"line":23,"column":31}}},"fnMap":{"0":{"name":"(anonymous_0)","decl":{"start":{"line":8,"column":12},"end":{"line":8,"column":13}},"loc":{"start":{"line":8,"column":30},"end":{"line":13,"column":13}},"line":8},"1":{"name":"(anonymous_1)","decl":{"start":{"line":15,"column":12},"end":{"line":15,"column":13}},"loc":{"start":{"line":15,"column":29},"end":{"line":17,"column":13}},"line":15}},"branchMap":{"0":{"loc":{"start":{"line":3,"column":4},"end":{"line":24,"column":5}},"type":"if","locations":[{"start":{"line":3,"column":4},"end":{"line":24,"column":5}},{"start":{"line":3,"column":4},"end":{"line":24,"column":5}}],"line":3},"1":{"loc":{"start":{"line":3,"column":8},"end":{"line":3,"column":44}},"type":"binary-expr","locations":[{"start":{"line":3,"column":8},"end":{"line":3,"column":34}},{"start":{"line":3,"column":38},"end":{"line":3,"column":44}}],"line":3},"2":{"loc":{"start":{"line":9,"column":16},"end":{"line":11,"column":17}},"type":"if","locations":[{"start":{"line":9,"column":16},"end":{"line":11,"column":17}},{"start":{"line":9,"column":16},"end":{"line":11,"column":17}}],"line":9}},"s":{"0":2,"1":2,"2":2,"3":2,"4":232,"5":230,"6":2,"7":0,"8":0,"9":0},"f":{"0":232,"1":0},"b":{"0":[2,0],"1":[2,2],"2":[230,2]},"inputSourceMap":null,"_coverageSchema":"1a1c01bbd47fc00a2c39e90264f33305004495a9","hash":"44156e9fc0248050e9d510816e76ea8bf2c78c9f"}
,"D:\\code\\React\\MoviesAPI\\src\\components\\Checkbox\\Checkbox.js": {"path":"D:\\code\\React\\MoviesAPI\\src\\components\\Checkbox\\Checkbox.js","statementMap":{"0":{"start":{"line":6,"column":17},"end":{"line":28,"column":1}},"1":{"start":{"line":15,"column":9},"end":{"line":15,"column":33}},"2":{"start":{"line":18,"column":4},"end":{"line":27,"column":16}},"3":{"start":{"line":30,"column":0},"end":{"line":36,"column":2}}},"fnMap":{"0":{"name":"(anonymous_0)","decl":{"start":{"line":6,"column":17},"end":{"line":6,"column":18}},"loc":{"start":{"line":12,"column":6},"end":{"line":28,"column":1}},"line":12},"1":{"name":"handleChange","decl":{"start":{"line":14,"column":13},"end":{"line":14,"column":25}},"loc":{"start":{"line":14,"column":33},"end":{"line":16,"column":5}},"line":14}},"branchMap":{"0":{"loc":{"start":{"line":7,"column":4},"end":{"line":7,"column":18}},"type":"default-arg","locations":[{"start":{"line":7,"column":16},"end":{"line":7,"column":18}}],"line":7},"1":{"loc":{"start":{"line":8,"column":4},"end":{"line":8,"column":19}},"type":"default-arg","locations":[{"start":{"line":8,"column":14},"end":{"line":8,"column":19}}],"line":8},"2":{"loc":{"start":{"line":9,"column":4},"end":{"line":9,"column":33}},"type":"default-arg","locations":[{"start":{"line":9,"column":15},"end":{"line":9,"column":33}}],"line":9}},"s":{"0":3,"1":0,"2":3,"3":3},"f":{"0":3,"1":0},"b":{"0":[3],"1":[1],"2":[3]},"_coverageSchema":"1a1c01bbd47fc00a2c39e90264f33305004495a9","hash":"ac077b9a6655e8b110150cc8bd01ee62cee499f5"}
,"D:\\code\\React\\MoviesAPI\\src\\components\\Checkbox\\index.js": {"path":"D:\\code\\React\\MoviesAPI\\src\\components\\Checkbox\\index.js","statementMap":{},"fnMap":{},"branchMap":{},"s":{},"f":{},"b":{},"_coverageSchema":"1a1c01bbd47fc00a2c39e90264f33305004495a9","hash":"d1d5a402db4154a6d08d9ef548a5f7513f22c12b"}
,"D:\\code\\React\\MoviesAPI\\src\\components\\Checkbox\\styles.pcss": {"path":"D:\\code\\React\\MoviesAPI\\src\\components\\Checkbox\\styles.pcss","statementMap":{"0":{"start":{"line":1,"column":13},"end":{"line":1,"column":66}},"1":{"start":{"line":3,"column":4},"end":{"line":24,"column":5}},"2":{"start":{"line":4,"column":8},"end":{"line":6,"column":11}},"3":{"start":{"line":7,"column":8},"end":{"line":18,"column":11}},"4":{"start":{"line":9,"column":16},"end":{"line":11,"column":17}},"5":{"start":{"line":10,"column":20},"end":{"line":10,"column":34}},"6":{"start":{"line":12,"column":16},"end":{"line":12,"column":36}},"7":{"start":{"line":16,"column":16},"end":{"line":16,"column":30}},"8":{"start":{"line":20,"column":8},"end":{"line":22,"column":11}},"9":{"start":{"line":23,"column":8},"end":{"line":23,"column":31}}},"fnMap":{"0":{"name":"(anonymous_0)","decl":{"start":{"line":8,"column":12},"end":{"line":8,"column":13}},"loc":{"start":{"line":8,"column":30},"end":{"line":13,"column":13}},"line":8},"1":{"name":"(anonymous_1)","decl":{"start":{"line":15,"column":12},"end":{"line":15,"column":13}},"loc":{"start":{"line":15,"column":29},"end":{"line":17,"column":13}},"line":15}},"branchMap":{"0":{"loc":{"start":{"line":3,"column":4},"end":{"line":24,"column":5}},"type":"if","locations":[{"start":{"line":3,"column":4},"end":{"line":24,"column":5}},{"start":{"line":3,"column":4},"end":{"line":24,"column":5}}],"line":3},"1":{"loc":{"start":{"line":3,"column":8},"end":{"line":3,"column":44}},"type":"binary-expr","locations":[{"start":{"line":3,"column":8},"end":{"line":3,"column":34}},{"start":{"line":3,"column":38},"end":{"line":3,"column":44}}],"line":3},"2":{"loc":{"start":{"line":9,"column":16},"end":{"line":11,"column":17}},"type":"if","locations":[{"start":{"line":9,"column":16},"end":{"line":11,"column":17}},{"start":{"line":9,"column":16},"end":{"line":11,"column":17}}],"line":9}},"s":{"0":3,"1":3,"2":3,"3":3,"4":12,"5":9,"6":3,"7":0,"8":0,"9":0},"f":{"0":12,"1":0},"b":{"0":[3,0],"1":[3,3],"2":[9,3]},"inputSourceMap":null,"_coverageSchema":"1a1c01bbd47fc00a2c39e90264f33305004495a9","hash":"a80081c4be2a913c66eb916e6216b541c1de4498"}
,"D:\\code\\React\\MoviesAPI\\src\\components\\Dropdown\\Dropdown.js": {"path":"D:\\code\\React\\MoviesAPI\\src\\components\\Dropdown\\Dropdown.js","statementMap":{"0":{"start":{"line":6,"column":17},"end":{"line":28,"column":1}},"1":{"start":{"line":12,"column":32},"end":{"line":12,"column":47}},"2":{"start":{"line":15,"column":8},"end":{"line":15,"column":26}},"3":{"start":{"line":18,"column":4},"end":{"line":27,"column":10}},"4":{"start":{"line":30,"column":0},"end":{"line":35,"column":2}}},"fnMap":{"0":{"name":"(anonymous_0)","decl":{"start":{"line":6,"column":17},"end":{"line":6,"column":18}},"loc":{"start":{"line":11,"column":6},"end":{"line":28,"column":1}},"line":11},"1":{"name":"handleTriggerClick","decl":{"start":{"line":14,"column":13},"end":{"line":14,"column":31}},"loc":{"start":{"line":14,"column":34},"end":{"line":16,"column":5}},"line":14}},"branchMap":{"0":{"loc":{"start":{"line":7,"column":4},"end":{"line":7,"column":18}},"type":"default-arg","locations":[{"start":{"line":7,"column":16},"end":{"line":7,"column":18}}],"line":7},"1":{"loc":{"start":{"line":8,"column":4},"end":{"line":8,"column":14}},"type":"default-arg","locations":[{"start":{"line":8,"column":12},"end":{"line":8,"column":14}}],"line":8},"2":{"loc":{"start":{"line":18,"column":43},"end":{"line":18,"column":69}},"type":"binary-expr","locations":[{"start":{"line":18,"column":43},"end":{"line":18,"column":63}},{"start":{"line":18,"column":67},"end":{"line":18,"column":69}}],"line":18},"3":{"loc":{"start":{"line":18,"column":88},"end":{"line":18,"column":111}},"type":"cond-expr","locations":[{"start":{"line":18,"column":97},"end":{"line":18,"column":106}},{"start":{"line":18,"column":109},"end":{"line":18,"column":111}}],"line":18},"4":{"loc":{"start":{"line":22,"column":56},"end":{"line":22,"column":118}},"type":"cond-expr","locations":[{"start":{"line":22,"column":65},"end":{"line":22,"column":91}},{"start":{"line":22,"column":94},"end":{"line":22,"column":118}}],"line":22},"5":{"loc":{"start":{"line":25,"column":9},"end":{"line":25,"column":68}},"type":"binary-expr","locations":[{"start":{"line":25,"column":9},"end":{"line":25,"column":15}},{"start":{"line":25,"column":19},"end":{"line":25,"column":68}}],"line":25}},"s":{"0":2,"1":59,"2":0,"3":59,"4":2},"f":{"0":59,"1":0},"b":{"0":[59],"1":[59],"2":[59,59],"3":[0,59],"4":[0,59],"5":[59,0]},"_coverageSchema":"1a1c01bbd47fc00a2c39e90264f33305004495a9","hash":"c3c196fa64f22080f0268ba0732ee8ec1ac188d2"}
,"D:\\code\\React\\MoviesAPI\\src\\components\\Dropdown\\index.js": {"path":"D:\\code\\React\\MoviesAPI\\src\\components\\Dropdown\\index.js","statementMap":{},"fnMap":{},"branchMap":{},"s":{},"f":{},"b":{},"_coverageSchema":"1a1c01bbd47fc00a2c39e90264f33305004495a9","hash":"fc4f34a4c9f1698b9d5e1eb27f3b611ff0b82e92"}
,"D:\\code\\React\\MoviesAPI\\src\\components\\Dropdown\\styles.pcss": {"path":"D:\\code\\React\\MoviesAPI\\src\\components\\Dropdown\\styles.pcss","statementMap":{"0":{"start":{"line":1,"column":13},"end":{"line":1,"column":350}},"1":{"start":{"line":3,"column":4},"end":{"line":24,"column":5}},"2":{"start":{"line":4,"column":8},"end":{"line":6,"column":11}},"3":{"start":{"line":7,"column":8},"end":{"line":18,"column":11}},"4":{"start":{"line":9,"column":16},"end":{"line":11,"column":17}},"5":{"start":{"line":10,"column":20},"end":{"line":10,"column":34}},"6":{"start":{"line":12,"column":16},"end":{"line":12,"column":36}},"7":{"start":{"line":16,"column":16},"end":{"line":16,"column":30}},"8":{"start":{"line":20,"column":8},"end":{"line":22,"column":11}},"9":{"start":{"line":23,"column":8},"end":{"line":23,"column":31}}},"fnMap":{"0":{"name":"(anonymous_0)","decl":{"start":{"line":8,"column":12},"end":{"line":8,"column":13}},"loc":{"start":{"line":8,"column":30},"end":{"line":13,"column":13}},"line":8},"1":{"name":"(anonymous_1)","decl":{"start":{"line":15,"column":12},"end":{"line":15,"column":13}},"loc":{"start":{"line":15,"column":29},"end":{"line":17,"column":13}},"line":15}},"branchMap":{"0":{"loc":{"start":{"line":3,"column":4},"end":{"line":24,"column":5}},"type":"if","locations":[{"start":{"line":3,"column":4},"end":{"line":24,"column":5}},{"start":{"line":3,"column":4},"end":{"line":24,"column":5}}],"line":3},"1":{"loc":{"start":{"line":3,"column":8},"end":{"line":3,"column":44}},"type":"binary-expr","locations":[{"start":{"line":3,"column":8},"end":{"line":3,"column":34}},{"start":{"line":3,"column":38},"end":{"line":3,"column":44}}],"line":3},"2":{"loc":{"start":{"line":9,"column":16},"end":{"line":11,"column":17}},"type":"if","locations":[{"start":{"line":9,"column":16},"end":{"line":11,"column":17}},{"start":{"line":9,"column":16},"end":{"line":11,"column":17}}],"line":9}},"s":{"0":2,"1":2,"2":2,"3":2,"4":356,"5":354,"6":2,"7":0,"8":0,"9":0},"f":{"0":356,"1":0},"b":{"0":[2,0],"1":[2,2],"2":[354,2]},"inputSourceMap":null,"_coverageSchema":"1a1c01bbd47fc00a2c39e90264f33305004495a9","hash":"2d11c70b42a6d93a902ec97463814d296f20f8cd"}
,"D:\\code\\React\\MoviesAPI\\src\\components\\Input\\Input.js": {"path":"D:\\code\\React\\MoviesAPI\\src\\components\\Input\\Input.js","statementMap":{"0":{"start":{"line":6,"column":14},"end":{"line":30,"column":1}},"1":{"start":{"line":19,"column":4},"end":{"line":29,"column":16}},"2":{"start":{"line":32,"column":0},"end":{"line":43,"column":2}}},"fnMap":{"0":{"name":"(anonymous_0)","decl":{"start":{"line":6,"column":14},"end":{"line":6,"column":15}},"loc":{"start":{"line":17,"column":6},"end":{"line":30,"column":1}},"line":17}},"branchMap":{"0":{"loc":{"start":{"line":7,"column":4},"end":{"line":7,"column":11}},"type":"default-arg","locations":[{"start":{"line":7,"column":9},"end":{"line":7,"column":11}}],"line":7},"1":{"loc":{"start":{"line":8,"column":4},"end":{"line":8,"column":13}},"type":"default-arg","locations":[{"start":{"line":8,"column":11},"end":{"line":8,"column":13}}],"line":8},"2":{"loc":{"start":{"line":9,"column":4},"end":{"line":9,"column":18}},"type":"default-arg","locations":[{"start":{"line":9,"column":16},"end":{"line":9,"column":18}}],"line":9},"3":{"loc":{"start":{"line":10,"column":4},"end":{"line":10,"column":13}},"type":"default-arg","locations":[{"start":{"line":10,"column":11},"end":{"line":10,"column":13}}],"line":10},"4":{"loc":{"start":{"line":11,"column":4},"end":{"line":11,"column":17}},"type":"default-arg","locations":[{"start":{"line":11,"column":11},"end":{"line":11,"column":17}}],"line":11},"5":{"loc":{"start":{"line":12,"column":4},"end":{"line":12,"column":14}},"type":"default-arg","locations":[{"start":{"line":12,"column":12},"end":{"line":12,"column":14}}],"line":12},"6":{"loc":{"start":{"line":13,"column":4},"end":{"line":13,"column":20}},"type":"default-arg","locations":[{"start":{"line":13,"column":18},"end":{"line":13,"column":20}}],"line":13},"7":{"loc":{"start":{"line":15,"column":4},"end":{"line":15,"column":33}},"type":"default-arg","locations":[{"start":{"line":15,"column":15},"end":{"line":15,"column":33}}],"line":15},"8":{"loc":{"start":{"line":16,"column":4},"end":{"line":16,"column":34}},"type":"default-arg","locations":[{"start":{"line":16,"column":16},"end":{"line":16,"column":34}}],"line":16},"9":{"loc":{"start":{"line":22,"column":47},"end":{"line":22,"column":71}},"type":"binary-expr","locations":[{"start":{"line":22,"column":47},"end":{"line":22,"column":65}},{"start":{"line":22,"column":69},"end":{"line":22,"column":71}}],"line":22}},"s":{"0":2,"1":280,"2":2},"f":{"0":280},"b":{"0":[0],"1":[0],"2":[275],"3":[280],"4":[0],"5":[0],"6":[0],"7":[4],"8":[280],"9":[280,280]},"_coverageSchema":"1a1c01bbd47fc00a2c39e90264f33305004495a9","hash":"f47fc6f476eafb4e8984de8a43d9bd7bf9783ac7"}
,"D:\\code\\React\\MoviesAPI\\src\\components\\Input\\index.js": {"path":"D:\\code\\React\\MoviesAPI\\src\\components\\Input\\index.js","statementMap":{},"fnMap":{},"branchMap":{},"s":{},"f":{},"b":{},"_coverageSchema":"1a1c01bbd47fc00a2c39e90264f33305004495a9","hash":"2507d7016c440b59e3292f2c45642d7cfc77e3c4"}
,"D:\\code\\React\\MoviesAPI\\src\\components\\Input\\styles.pcss": {"path":"D:\\code\\React\\MoviesAPI\\src\\components\\Input\\styles.pcss","statementMap":{"0":{"start":{"line":1,"column":13},"end":{"line":1,"column":30}},"1":{"start":{"line":3,"column":4},"end":{"line":24,"column":5}},"2":{"start":{"line":4,"column":8},"end":{"line":6,"column":11}},"3":{"start":{"line":7,"column":8},"end":{"line":18,"column":11}},"4":{"start":{"line":9,"column":16},"end":{"line":11,"column":17}},"5":{"start":{"line":10,"column":20},"end":{"line":10,"column":34}},"6":{"start":{"line":12,"column":16},"end":{"line":12,"column":36}},"7":{"start":{"line":16,"column":16},"end":{"line":16,"column":30}},"8":{"start":{"line":20,"column":8},"end":{"line":22,"column":11}},"9":{"start":{"line":23,"column":8},"end":{"line":23,"column":31}}},"fnMap":{"0":{"name":"(anonymous_0)","decl":{"start":{"line":8,"column":12},"end":{"line":8,"column":13}},"loc":{"start":{"line":8,"column":30},"end":{"line":13,"column":13}},"line":8},"1":{"name":"(anonymous_1)","decl":{"start":{"line":15,"column":12},"end":{"line":15,"column":13}},"loc":{"start":{"line":15,"column":29},"end":{"line":17,"column":13}},"line":15}},"branchMap":{"0":{"loc":{"start":{"line":3,"column":4},"end":{"line":24,"column":5}},"type":"if","locations":[{"start":{"line":3,"column":4},"end":{"line":24,"column":5}},{"start":{"line":3,"column":4},"end":{"line":24,"column":5}}],"line":3},"1":{"loc":{"start":{"line":3,"column":8},"end":{"line":3,"column":44}},"type":"binary-expr","locations":[{"start":{"line":3,"column":8},"end":{"line":3,"column":34}},{"start":{"line":3,"column":38},"end":{"line":3,"column":44}}],"line":3},"2":{"loc":{"start":{"line":9,"column":16},"end":{"line":11,"column":17}},"type":"if","locations":[{"start":{"line":9,"column":16},"end":{"line":11,"column":17}},{"start":{"line":9,"column":16},"end":{"line":11,"column":17}}],"line":9}},"s":{"0":2,"1":2,"2":2,"3":2,"4":562,"5":560,"6":2,"7":0,"8":0,"9":0},"f":{"0":562,"1":0},"b":{"0":[2,0],"1":[2,2],"2":[560,2]},"inputSourceMap":null,"_coverageSchema":"1a1c01bbd47fc00a2c39e90264f33305004495a9","hash":"b2b9604b777e284c36ab098dd817bf0377471253"}
,"D:\\code\\React\\MoviesAPI\\src\\components\\Modal\\AddMovie.js": {"path":"D:\\code\\React\\MoviesAPI\\src\\components\\Modal\\AddMovie.js","statementMap":{"0":{"start":{"line":18,"column":17},"end":{"line":230,"column":1}},"1":{"start":{"line":22,"column":48},"end":{"line":22,"column":60}},"2":{"start":{"line":23,"column":58},"end":{"line":23,"column":73}},"3":{"start":{"line":24,"column":44},"end":{"line":24,"column":59}},"4":{"start":{"line":26,"column":19},"end":{"line":26,"column":52}},"5":{"start":{"line":27,"column":21},"end":{"line":27,"column":34}},"6":{"start":{"line":30,"column":8},"end":{"line":30,"column":45}},"7":{"start":{"line":32,"column":8},"end":{"line":34,"column":9}},"8":{"start":{"line":33,"column":12},"end":{"line":33,"column":41}},"9":{"start":{"line":38,"column":8},"end":{"line":38,"column":26}},"10":{"start":{"line":42,"column":8},"end":{"line":45,"column":9}},"11":{"start":{"line":43,"column":12},"end":{"line":43,"column":40}},"12":{"start":{"line":44,"column":12},"end":{"line":44,"column":18}},"13":{"start":{"line":47,"column":25},"end":{"line":54,"column":9}},"14":{"start":{"line":53,"column":47},"end":{"line":53,"column":74}},"15":{"start":{"line":53,"column":95},"end":{"line":53,"column":99}},"16":{"start":{"line":56,"column":8},"end":{"line":56,"column":51}},"17":{"start":{"line":57,"column":8},"end":{"line":57,"column":29}},"18":{"start":{"line":60,"column":19},"end":{"line":89,"column":6}},"19":{"start":{"line":87,"column":12},"end":{"line":87,"column":31}},"20":{"start":{"line":91,"column":4},"end":{"line":229,"column":28}},"21":{"start":{"line":232,"column":0},"end":{"line":234,"column":2}}},"fnMap":{"0":{"name":"(anonymous_0)","decl":{"start":{"line":18,"column":17},"end":{"line":18,"column":18}},"loc":{"start":{"line":20,"column":6},"end":{"line":230,"column":1}},"line":20},"1":{"name":"handleSelectedGenresChange","decl":{"start":{"line":29,"column":13},"end":{"line":29,"column":39}},"loc":{"start":{"line":29,"column":60},"end":{"line":35,"column":5}},"line":29},"2":{"name":"handleResetButtonClick","decl":{"start":{"line":37,"column":13},"end":{"line":37,"column":35}},"loc":{"start":{"line":37,"column":38},"end":{"line":39,"column":5}},"line":37},"3":{"name":"handleSubmitClick","decl":{"start":{"line":41,"column":13},"end":{"line":41,"column":30}},"loc":{"start":{"line":41,"column":33},"end":{"line":58,"column":5}},"line":41},"4":{"name":"(anonymous_4)","decl":{"start":{"line":53,"column":34},"end":{"line":53,"column":35}},"loc":{"start":{"line":53,"column":47},"end":{"line":53,"column":74}},"line":53},"5":{"name":"(anonymous_5)","decl":{"start":{"line":53,"column":81},"end":{"line":53,"column":82}},"loc":{"start":{"line":53,"column":95},"end":{"line":53,"column":99}},"line":53},"6":{"name":"(anonymous_6)","decl":{"start":{"line":86,"column":18},"end":{"line":86,"column":19}},"loc":{"start":{"line":86,"column":28},"end":{"line":88,"column":9}},"line":86}},"branchMap":{"0":{"loc":{"start":{"line":26,"column":19},"end":{"line":26,"column":52}},"type":"binary-expr","locations":[{"start":{"line":26,"column":19},"end":{"line":26,"column":46}},{"start":{"line":26,"column":50},"end":{"line":26,"column":52}}],"line":26},"1":{"loc":{"start":{"line":32,"column":8},"end":{"line":34,"column":9}},"type":"if","locations":[{"start":{"line":32,"column":8},"end":{"line":34,"column":9}},{"start":{"line":32,"column":8},"end":{"line":34,"column":9}}],"line":32},"2":{"loc":{"start":{"line":42,"column":8},"end":{"line":45,"column":9}},"type":"if","locations":[{"start":{"line":42,"column":8},"end":{"line":45,"column":9}},{"start":{"line":42,"column":8},"end":{"line":45,"column":9}}],"line":42},"3":{"loc":{"start":{"line":91,"column":11},"end":{"line":229,"column":28}},"type":"cond-expr","locations":[{"start":{"line":91,"column":29},"end":{"line":226,"column":19}},{"start":{"line":226,"column":22},"end":{"line":229,"column":28}}],"line":91},"4":{"loc":{"start":{"line":109,"column":29},"end":{"line":111,"column":36}},"type":"cond-expr","locations":[{"start":{"line":110,"column":32},"end":{"line":110,"column":90}},{"start":{"line":111,"column":32},"end":{"line":111,"column":36}}],"line":109},"5":{"loc":{"start":{"line":109,"column":29},"end":{"line":109,"column":72}},"type":"binary-expr","locations":[{"start":{"line":109,"column":29},"end":{"line":109,"column":49}},{"start":{"line":109,"column":53},"end":{"line":109,"column":72}}],"line":109},"6":{"loc":{"start":{"line":129,"column":29},"end":{"line":131,"column":36}},"type":"cond-expr","locations":[{"start":{"line":130,"column":32},"end":{"line":130,"column":95}},{"start":{"line":131,"column":32},"end":{"line":131,"column":36}}],"line":129},"7":{"loc":{"start":{"line":129,"column":29},"end":{"line":129,"column":82}},"type":"binary-expr","locations":[{"start":{"line":129,"column":29},"end":{"line":129,"column":54}},{"start":{"line":129,"column":58},"end":{"line":129,"column":82}}],"line":129},"8":{"loc":{"start":{"line":149,"column":29},"end":{"line":151,"column":36}},"type":"cond-expr","locations":[{"start":{"line":150,"column":32},"end":{"line":150,"column":93}},{"start":{"line":151,"column":32},"end":{"line":151,"column":36}}],"line":149},"9":{"loc":{"start":{"line":149,"column":29},"end":{"line":149,"column":78}},"type":"binary-expr","locations":[{"start":{"line":149,"column":29},"end":{"line":149,"column":52}},{"start":{"line":149,"column":56},"end":{"line":149,"column":78}}],"line":149},"10":{"loc":{"start":{"line":165,"column":29},"end":{"line":167,"column":36}},"type":"cond-expr","locations":[{"start":{"line":166,"column":32},"end":{"line":166,"column":105}},{"start":{"line":167,"column":32},"end":{"line":167,"column":36}}],"line":165},"11":{"loc":{"start":{"line":185,"column":29},"end":{"line":187,"column":36}},"type":"cond-expr","locations":[{"start":{"line":186,"column":32},"end":{"line":186,"column":93}},{"start":{"line":187,"column":32},"end":{"line":187,"column":36}}],"line":185},"12":{"loc":{"start":{"line":185,"column":29},"end":{"line":185,"column":78}},"type":"binary-expr","locations":[{"start":{"line":185,"column":29},"end":{"line":185,"column":52}},{"start":{"line":185,"column":56},"end":{"line":185,"column":78}}],"line":185},"13":{"loc":{"start":{"line":205,"column":29},"end":{"line":207,"column":36}},"type":"cond-expr","locations":[{"start":{"line":206,"column":32},"end":{"line":206,"column":92}},{"start":{"line":207,"column":32},"end":{"line":207,"column":36}}],"line":205},"14":{"loc":{"start":{"line":205,"column":29},"end":{"line":205,"column":76}},"type":"binary-expr","locations":[{"start":{"line":205,"column":29},"end":{"line":205,"column":51}},{"start":{"line":205,"column":55},"end":{"line":205,"column":76}}],"line":205}},"s":{"0":1,"1":55,"2":55,"3":55,"4":55,"5":55,"6":0,"7":0,"8":0,"9":0,"10":0,"11":0,"12":0,"13":0,"14":0,"15":0,"16":0,"17":0,"18":55,"19":0,"20":55,"21":1},"f":{"0":55,"1":0,"2":0,"3":0,"4":0,"5":0,"6":0},"b":{"0":[55,55],"1":[0,0],"2":[0,0],"3":[55,0],"4":[0,55],"5":[55,0],"6":[0,55],"7":[55,0],"8":[0,55],"9":[55,0],"10":[0,55],"11":[0,55],"12":[55,0],"13":[0,55],"14":[55,0]},"_coverageSchema":"1a1c01bbd47fc00a2c39e90264f33305004495a9","hash":"925b624169204ef04b319fb7cce89d3ec0458ee7"}
,"D:\\code\\React\\MoviesAPI\\src\\components\\Modal\\Modal.js": {"path":"D:\\code\\React\\MoviesAPI\\src\\components\\Modal\\Modal.js","statementMap":{"0":{"start":{"line":7,"column":14},"end":{"line":30,"column":1}},"1":{"start":{"line":13,"column":31},"end":{"line":13,"column":60}},"2":{"start":{"line":16,"column":8},"end":{"line":16,"column":31}},"3":{"start":{"line":17,"column":8},"end":{"line":17,"column":23}},"4":{"start":{"line":20,"column":4},"end":{"line":29,"column":62}},"5":{"start":{"line":32,"column":0},"end":{"line":36,"column":2}}},"fnMap":{"0":{"name":"(anonymous_0)","decl":{"start":{"line":7,"column":14},"end":{"line":7,"column":15}},"loc":{"start":{"line":11,"column":6},"end":{"line":30,"column":1}},"line":11},"1":{"name":"handleCloseButtonClick","decl":{"start":{"line":15,"column":13},"end":{"line":15,"column":35}},"loc":{"start":{"line":15,"column":43},"end":{"line":18,"column":5}},"line":15}},"branchMap":{"0":{"loc":{"start":{"line":10,"column":4},"end":{"line":10,"column":37}},"type":"default-arg","locations":[{"start":{"line":10,"column":19},"end":{"line":10,"column":37}}],"line":10},"1":{"loc":{"start":{"line":29,"column":9},"end":{"line":29,"column":61}},"type":"binary-expr","locations":[{"start":{"line":29,"column":9},"end":{"line":29,"column":39}},{"start":{"line":29,"column":43},"end":{"line":29,"column":61}}],"line":29}},"s":{"0":1,"1":1,"2":0,"3":0,"4":1,"5":1},"f":{"0":1,"1":0},"b":{"0":[1],"1":[1,1]},"_coverageSchema":"1a1c01bbd47fc00a2c39e90264f33305004495a9","hash":"f5d1b932f8eb1809b0f4d086aa2d931cfdb9fcf2"}
,"D:\\code\\React\\MoviesAPI\\src\\components\\Modal\\styles.pcss": {"path":"D:\\code\\React\\MoviesAPI\\src\\components\\Modal\\styles.pcss","statementMap":{"0":{"start":{"line":1,"column":13},"end":{"line":1,"column":408}},"1":{"start":{"line":3,"column":4},"end":{"line":24,"column":5}},"2":{"start":{"line":4,"column":8},"end":{"line":6,"column":11}},"3":{"start":{"line":7,"column":8},"end":{"line":18,"column":11}},"4":{"start":{"line":9,"column":16},"end":{"line":11,"column":17}},"5":{"start":{"line":10,"column":20},"end":{"line":10,"column":34}},"6":{"start":{"line":12,"column":16},"end":{"line":12,"column":36}},"7":{"start":{"line":16,"column":16},"end":{"line":16,"column":30}},"8":{"start":{"line":20,"column":8},"end":{"line":22,"column":11}},"9":{"start":{"line":23,"column":8},"end":{"line":23,"column":31}}},"fnMap":{"0":{"name":"(anonymous_0)","decl":{"start":{"line":8,"column":12},"end":{"line":8,"column":13}},"loc":{"start":{"line":8,"column":30},"end":{"line":13,"column":13}},"line":8},"1":{"name":"(anonymous_1)","decl":{"start":{"line":15,"column":12},"end":{"line":15,"column":13}},"loc":{"start":{"line":15,"column":29},"end":{"line":17,"column":13}},"line":15}},"branchMap":{"0":{"loc":{"start":{"line":3,"column":4},"end":{"line":24,"column":5}},"type":"if","locations":[{"start":{"line":3,"column":4},"end":{"line":24,"column":5}},{"start":{"line":3,"column":4},"end":{"line":24,"column":5}}],"line":3},"1":{"loc":{"start":{"line":3,"column":8},"end":{"line":3,"column":44}},"type":"binary-expr","locations":[{"start":{"line":3,"column":8},"end":{"line":3,"column":34}},{"start":{"line":3,"column":38},"end":{"line":3,"column":44}}],"line":3},"2":{"loc":{"start":{"line":9,"column":16},"end":{"line":11,"column":17}},"type":"if","locations":[{"start":{"line":9,"column":16},"end":{"line":11,"column":17}},{"start":{"line":9,"column":16},"end":{"line":11,"column":17}}],"line":9}},"s":{"0":2,"1":2,"2":2,"3":2,"4":1822,"5":1820,"6":2,"7":0,"8":0,"9":0},"f":{"0":1822,"1":0},"b":{"0":[2,0],"1":[2,2],"2":[1820,2]},"inputSourceMap":null,"_coverageSchema":"1a1c01bbd47fc00a2c39e90264f33305004495a9","hash":"2e4c55facb31ef25f14d30220bc0c50683c1c371"}
,"D:\\code\\React\\MoviesAPI\\src\\components\\MultiSelect\\MultiSelect.js": {"path":"D:\\code\\React\\MoviesAPI\\src\\components\\MultiSelect\\MultiSelect.js","statementMap":{"0":{"start":{"line":8,"column":20},"end":{"line":42,"column":1}},"1":{"start":{"line":16,"column":34},"end":{"line":18,"column":57}},"2":{"start":{"line":18,"column":42},"end":{"line":18,"column":55}},"3":{"start":{"line":20,"column":8},"end":{"line":20,"column":35}},"4":{"start":{"line":23,"column":31},"end":{"line":27,"column":5}},"5":{"start":{"line":24,"column":28},"end":{"line":26,"column":14}},"6":{"start":{"line":25,"column":25},"end":{"line":25,"column":46}},"7":{"start":{"line":29,"column":2},"end":{"line":41,"column":13}},"8":{"start":{"line":33,"column":34},"end":{"line":33,"column":43}},"9":{"start":{"line":33,"column":68},"end":{"line":39,"column":14}},"10":{"start":{"line":44,"column":0},"end":{"line":49,"column":2}}},"fnMap":{"0":{"name":"(anonymous_0)","decl":{"start":{"line":8,"column":20},"end":{"line":8,"column":21}},"loc":{"start":{"line":13,"column":6},"end":{"line":42,"column":1}},"line":13},"1":{"name":"handleItemChange","decl":{"start":{"line":15,"column":13},"end":{"line":15,"column":29}},"loc":{"start":{"line":15,"column":47},"end":{"line":21,"column":5}},"line":15},"2":{"name":"(anonymous_2)","decl":{"start":{"line":18,"column":33},"end":{"line":18,"column":34}},"loc":{"start":{"line":18,"column":42},"end":{"line":18,"column":55}},"line":18},"3":{"name":"(anonymous_3)","decl":{"start":{"line":24,"column":8},"end":{"line":24,"column":9}},"loc":{"start":{"line":24,"column":28},"end":{"line":26,"column":14}},"line":24},"4":{"name":"(anonymous_4)","decl":{"start":{"line":25,"column":12},"end":{"line":25,"column":13}},"loc":{"start":{"line":25,"column":25},"end":{"line":25,"column":46}},"line":25},"5":{"name":"(anonymous_5)","decl":{"start":{"line":33,"column":21},"end":{"line":33,"column":22}},"loc":{"start":{"line":33,"column":34},"end":{"line":33,"column":43}},"line":33},"6":{"name":"(anonymous_6)","decl":{"start":{"line":33,"column":50},"end":{"line":33,"column":51}},"loc":{"start":{"line":33,"column":68},"end":{"line":39,"column":14}},"line":33}},"branchMap":{"0":{"loc":{"start":{"line":16,"column":34},"end":{"line":18,"column":57}},"type":"cond-expr","locations":[{"start":{"line":17,"column":12},"end":{"line":17,"column":40}},{"start":{"line":18,"column":12},"end":{"line":18,"column":57}}],"line":16},"1":{"loc":{"start":{"line":30,"column":22},"end":{"line":30,"column":93}},"type":"cond-expr","locations":[{"start":{"line":30,"column":50},"end":{"line":30,"column":79}},{"start":{"line":30,"column":82},"end":{"line":30,"column":93}}],"line":30}},"s":{"0":2,"1":0,"2":0,"3":0,"4":59,"5":4,"6":5,"7":59,"8":12,"9":12,"10":2},"f":{"0":59,"1":0,"2":0,"3":4,"4":5,"5":12,"6":12},"b":{"0":[0,0],"1":[3,56]},"_coverageSchema":"1a1c01bbd47fc00a2c39e90264f33305004495a9","hash":"8b3a3f493b7f02a341dbda0d09ffd4be182dfa28"}
,"D:\\code\\React\\MoviesAPI\\src\\components\\MultiSelect\\index.js": {"path":"D:\\code\\React\\MoviesAPI\\src\\components\\MultiSelect\\index.js","statementMap":{},"fnMap":{},"branchMap":{},"s":{},"f":{},"b":{},"_coverageSchema":"1a1c01bbd47fc00a2c39e90264f33305004495a9","hash":"9091007fb34a5fc1962538dbd85447687e5db8ac"}
,"D:\\code\\React\\MoviesAPI\\src\\components\\MultiSelect\\styles.pcss": {"path":"D:\\code\\React\\MoviesAPI\\src\\components\\MultiSelect\\styles.pcss","statementMap":{"0":{"start":{"line":1,"column":13},"end":{"line":1,"column":28}},"1":{"start":{"line":3,"column":4},"end":{"line":24,"column":5}},"2":{"start":{"line":4,"column":8},"end":{"line":6,"column":11}},"3":{"start":{"line":7,"column":8},"end":{"line":18,"column":11}},"4":{"start":{"line":9,"column":16},"end":{"line":11,"column":17}},"5":{"start":{"line":10,"column":20},"end":{"line":10,"column":34}},"6":{"start":{"line":12,"column":16},"end":{"line":12,"column":36}},"7":{"start":{"line":16,"column":16},"end":{"line":16,"column":30}},"8":{"start":{"line":20,"column":8},"end":{"line":22,"column":11}},"9":{"start":{"line":23,"column":8},"end":{"line":23,"column":31}}},"fnMap":{"0":{"name":"(anonymous_0)","decl":{"start":{"line":8,"column":12},"end":{"line":8,"column":13}},"loc":{"start":{"line":8,"column":30},"end":{"line":13,"column":13}},"line":8},"1":{"name":"(anonymous_1)","decl":{"start":{"line":15,"column":12},"end":{"line":15,"column":13}},"loc":{"start":{"line":15,"column":29},"end":{"line":17,"column":13}},"line":15}},"branchMap":{"0":{"loc":{"start":{"line":3,"column":4},"end":{"line":24,"column":5}},"type":"if","locations":[{"start":{"line":3,"column":4},"end":{"line":24,"column":5}},{"start":{"line":3,"column":4},"end":{"line":24,"column":5}}],"line":3},"1":{"loc":{"start":{"line":3,"column":8},"end":{"line":3,"column":44}},"type":"binary-expr","locations":[{"start":{"line":3,"column":8},"end":{"line":3,"column":34}},{"start":{"line":3,"column":38},"end":{"line":3,"column":44}}],"line":3},"2":{"loc":{"start":{"line":9,"column":16},"end":{"line":11,"column":17}},"type":"if","locations":[{"start":{"line":9,"column":16},"end":{"line":11,"column":17}},{"start":{"line":9,"column":16},"end":{"line":11,"column":17}}],"line":9}},"s":{"0":2,"1":2,"2":2,"3":2,"4":14,"5":12,"6":2,"7":0,"8":0,"9":0},"f":{"0":14,"1":0},"b":{"0":[2,0],"1":[2,2],"2":[12,2]},"inputSourceMap":null,"_coverageSchema":"1a1c01bbd47fc00a2c39e90264f33305004495a9","hash":"5ac088aee9663bb2231d4603ba3b943c0ffec123"}
,"D:\\code\\React\\MoviesAPI\\src\\components\\data\\filterItemsData.js": {"path":"D:\\code\\React\\MoviesAPI\\src\\components\\data\\filterItemsData.js","statementMap":{"0":{"start":{"line":1,"column":31},"end":{"line":116,"column":1}}},"fnMap":{},"branchMap":{},"s":{"0":1},"f":{},"b":{},"_coverageSchema":"1a1c01bbd47fc00a2c39e90264f33305004495a9","hash":"b5641716ff851de3b48980479627485ee4160e7e"}
,"D:\\code\\React\\MoviesAPI\\src\\hooks\\usePersistentState.js": {"path":"D:\\code\\React\\MoviesAPI\\src\\hooks\\usePersistentState.js","statementMap":{"0":{"start":{"line":4,"column":4},"end":{"line":4,"column":51}},"1":{"start":{"line":8,"column":4},"end":{"line":8,"column":47}},"2":{"start":{"line":12,"column":30},"end":{"line":14,"column":6}},"3":{"start":{"line":13,"column":8},"end":{"line":13,"column":55}},"4":{"start":{"line":16,"column":4},"end":{"line":18,"column":15}},"5":{"start":{"line":17,"column":8},"end":{"line":17,"column":37}},"6":{"start":{"line":20,"column":4},"end":{"line":20,"column":28}}},"fnMap":{"0":{"name":"saveToStorage","decl":{"start":{"line":3,"column":9},"end":{"line":3,"column":22}},"loc":{"start":{"line":3,"column":34},"end":{"line":5,"column":1}},"line":3},"1":{"name":"loadFromStorage","decl":{"start":{"line":7,"column":9},"end":{"line":7,"column":24}},"loc":{"start":{"line":7,"column":29},"end":{"line":9,"column":1}},"line":7},"2":{"name":"usePersistentState","decl":{"start":{"line":11,"column":9},"end":{"line":11,"column":27}},"loc":{"start":{"line":11,"column":51},"end":{"line":21,"column":1}},"line":11},"3":{"name":"(anonymous_3)","decl":{"start":{"line":12,"column":39},"end":{"line":12,"column":40}},"loc":{"start":{"line":12,"column":45},"end":{"line":14,"column":5}},"line":12},"4":{"name":"(anonymous_4)","decl":{"start":{"line":16,"column":14},"end":{"line":16,"column":15}},"loc":{"start":{"line":16,"column":20},"end":{"line":18,"column":5}},"line":16}},"branchMap":{"0":{"loc":{"start":{"line":13,"column":15},"end":{"line":13,"column":55}},"type":"binary-expr","locations":[{"start":{"line":13,"column":15},"end":{"line":13,"column":39}},{"start":{"line":13,"column":43},"end":{"line":13,"column":55}}],"line":13}},"s":{"0":1,"1":1,"2":1,"3":1,"4":1,"5":1,"6":1},"f":{"0":1,"1":1,"2":1,"3":1,"4":1},"b":{"0":[1,1]},"_coverageSchema":"1a1c01bbd47fc00a2c39e90264f33305004495a9","hash":"17c7ddf980834bb5ea05f74d5bf181e74583febf"}
,"D:\\code\\React\\MoviesAPI\\src\\redux\\actions\\index.js": {"path":"D:\\code\\React\\MoviesAPI\\src\\redux\\actions\\index.js","statementMap":{"0":{"start":{"line":10,"column":4},"end":{"line":31,"column":5}},"1":{"start":{"line":11,"column":8},"end":{"line":13,"column":10}},"2":{"start":{"line":15,"column":8},"end":{"line":30,"column":10}},"3":{"start":{"line":22,"column":12},"end":{"line":29,"column":14}},"4":{"start":{"line":35,"column":4},"end":{"line":40,"column":5}},"5":{"start":{"line":36,"column":8},"end":{"line":38,"column":10}},"6":{"start":{"line":39,"column":8},"end":{"line":39,"column":40}},"7":{"start":{"line":44,"column":4},"end":{"line":55,"column":5}},"8":{"start":{"line":45,"column":8},"end":{"line":47,"column":10}},"9":{"start":{"line":49,"column":8},"end":{"line":54,"column":10}},"10":{"start":{"line":50,"column":12},"end":{"line":53,"column":14}},"11":{"start":{"line":59,"column":4},"end":{"line":70,"column":5}},"12":{"start":{"line":60,"column":8},"end":{"line":62,"column":10}},"13":{"start":{"line":64,"column":8},"end":{"line":69,"column":10}},"14":{"start":{"line":65,"column":12},"end":{"line":68,"column":14}},"15":{"start":{"line":74,"column":4},"end":{"line":85,"column":5}},"16":{"start":{"line":75,"column":8},"end":{"line":77,"column":10}},"17":{"start":{"line":79,"column":8},"end":{"line":84,"column":10}},"18":{"start":{"line":80,"column":12},"end":{"line":83,"column":14}},"19":{"start":{"line":89,"column":4},"end":{"line":100,"column":5}},"20":{"start":{"line":90,"column":8},"end":{"line":92,"column":10}},"21":{"start":{"line":94,"column":8},"end":{"line":99,"column":10}},"22":{"start":{"line":95,"column":12},"end":{"line":98,"column":14}},"23":{"start":{"line":104,"column":4},"end":{"line":120,"column":5}},"24":{"start":{"line":105,"column":8},"end":{"line":107,"column":10}},"25":{"start":{"line":109,"column":8},"end":{"line":119,"column":10}},"26":{"start":{"line":110,"column":12},"end":{"line":118,"column":14}},"27":{"start":{"line":124,"column":4},"end":{"line":142,"column":5}},"28":{"start":{"line":125,"column":8},"end":{"line":127,"column":10}},"29":{"start":{"line":129,"column":8},"end":{"line":141,"column":10}},"30":{"start":{"line":130,"column":12},"end":{"line":140,"column":14}},"31":{"start":{"line":146,"column":4},"end":{"line":148,"column":5}}},"fnMap":{"0":{"name":"loadMovies","decl":{"start":{"line":9,"column":16},"end":{"line":9,"column":26}},"loc":{"start":{"line":9,"column":80},"end":{"line":32,"column":1}},"line":9},"1":{"name":"(anonymous_1)","decl":{"start":{"line":10,"column":11},"end":{"line":10,"column":12}},"loc":{"start":{"line":10,"column":25},"end":{"line":31,"column":5}},"line":10},"2":{"name":"(anonymous_2)","decl":{"start":{"line":21,"column":16},"end":{"line":21,"column":17}},"loc":{"start":{"line":21,"column":32},"end":{"line":30,"column":9}},"line":21},"3":{"name":"initApp","decl":{"start":{"line":34,"column":16},"end":{"line":34,"column":23}},"loc":{"start":{"line":34,"column":32},"end":{"line":41,"column":1}},"line":34},"4":{"name":"(anonymous_4)","decl":{"start":{"line":35,"column":11},"end":{"line":35,"column":12}},"loc":{"start":{"line":35,"column":25},"end":{"line":40,"column":5}},"line":35},"5":{"name":"addMovie","decl":{"start":{"line":43,"column":16},"end":{"line":43,"column":24}},"loc":{"start":{"line":43,"column":77},"end":{"line":56,"column":1}},"line":43},"6":{"name":"(anonymous_6)","decl":{"start":{"line":44,"column":11},"end":{"line":44,"column":12}},"loc":{"start":{"line":44,"column":25},"end":{"line":55,"column":5}},"line":44},"7":{"name":"(anonymous_7)","decl":{"start":{"line":49,"column":64},"end":{"line":49,"column":65}},"loc":{"start":{"line":49,"column":80},"end":{"line":54,"column":9}},"line":49},"8":{"name":"editMovie","decl":{"start":{"line":58,"column":16},"end":{"line":58,"column":25}},"loc":{"start":{"line":58,"column":80},"end":{"line":71,"column":1}},"line":58},"9":{"name":"(anonymous_9)","decl":{"start":{"line":59,"column":11},"end":{"line":59,"column":12}},"loc":{"start":{"line":59,"column":25},"end":{"line":70,"column":5}},"line":59},"10":{"name":"(anonymous_10)","decl":{"start":{"line":64,"column":65},"end":{"line":64,"column":66}},"loc":{"start":{"line":64,"column":81},"end":{"line":69,"column":9}},"line":64},"11":{"name":"deleteMovie","decl":{"start":{"line":73,"column":16},"end":{"line":73,"column":27}},"loc":{"start":{"line":73,"column":84},"end":{"line":86,"column":1}},"line":73},"12":{"name":"(anonymous_12)","decl":{"start":{"line":74,"column":11},"end":{"line":74,"column":12}},"loc":{"start":{"line":74,"column":25},"end":{"line":85,"column":5}},"line":74},"13":{"name":"(anonymous_13)","decl":{"start":{"line":79,"column":63},"end":{"line":79,"column":64}},"loc":{"start":{"line":79,"column":69},"end":{"line":84,"column":9}},"line":79},"14":{"name":"getMovie","decl":{"start":{"line":88,"column":16},"end":{"line":88,"column":24}},"loc":{"start":{"line":88,"column":75},"end":{"line":101,"column":1}},"line":88},"15":{"name":"(anonymous_15)","decl":{"start":{"line":89,"column":11},"end":{"line":89,"column":12}},"loc":{"start":{"line":89,"column":25},"end":{"line":100,"column":5}},"line":89},"16":{"name":"(anonymous_16)","decl":{"start":{"line":94,"column":60},"end":{"line":94,"column":61}},"loc":{"start":{"line":94,"column":75},"end":{"line":99,"column":9}},"line":94},"17":{"name":"sortMoviesBy","decl":{"start":{"line":103,"column":16},"end":{"line":103,"column":28}},"loc":{"start":{"line":103,"column":93},"end":{"line":121,"column":1}},"line":103},"18":{"name":"(anonymous_18)","decl":{"start":{"line":104,"column":11},"end":{"line":104,"column":12}},"loc":{"start":{"line":104,"column":25},"end":{"line":120,"column":5}},"line":104},"19":{"name":"(anonymous_19)","decl":{"start":{"line":109,"column":80},"end":{"line":109,"column":81}},"loc":{"start":{"line":109,"column":96},"end":{"line":119,"column":9}},"line":109},"20":{"name":"sortAndFilterMoviesBy","decl":{"start":{"line":123,"column":16},"end":{"line":123,"column":37}},"loc":{"start":{"line":123,"column":94},"end":{"line":143,"column":1}},"line":123},"21":{"name":"(anonymous_21)","decl":{"start":{"line":124,"column":11},"end":{"line":124,"column":12}},"loc":{"start":{"line":124,"column":25},"end":{"line":142,"column":5}},"line":124},"22":{"name":"(anonymous_22)","decl":{"start":{"line":129,"column":129},"end":{"line":129,"column":130}},"loc":{"start":{"line":129,"column":145},"end":{"line":141,"column":9}},"line":129},"23":{"name":"resetApp","decl":{"start":{"line":145,"column":16},"end":{"line":145,"column":24}},"loc":{"start":{"line":145,"column":27},"end":{"line":149,"column":1}},"line":145}},"branchMap":{"0":{"loc":{"start":{"line":9,"column":37},"end":{"line":9,"column":76}},"type":"default-arg","locations":[{"start":{"line":9,"column":59},"end":{"line":9,"column":76}}],"line":9},"1":{"loc":{"start":{"line":43,"column":38},"end":{"line":43,"column":73}},"type":"default-arg","locations":[{"start":{"line":43,"column":58},"end":{"line":43,"column":73}}],"line":43},"2":{"loc":{"start":{"line":58,"column":39},"end":{"line":58,"column":76}},"type":"default-arg","locations":[{"start":{"line":58,"column":60},"end":{"line":58,"column":76}}],"line":58},"3":{"loc":{"start":{"line":73,"column":39},"end":{"line":73,"column":80}},"type":"default-arg","locations":[{"start":{"line":73,"column":62},"end":{"line":73,"column":80}}],"line":73},"4":{"loc":{"start":{"line":88,"column":36},"end":{"line":88,"column":71}},"type":"default-arg","locations":[{"start":{"line":88,"column":56},"end":{"line":88,"column":71}}],"line":88},"5":{"loc":{"start":{"line":103,"column":50},"end":{"line":103,"column":89}},"type":"default-arg","locations":[{"start":{"line":103,"column":72},"end":{"line":103,"column":89}}],"line":103}},"s":{"0":3,"1":3,"2":3,"3":3,"4":0,"5":0,"6":0,"7":3,"8":3,"9":3,"10":3,"11":3,"12":3,"13":3,"14":3,"15":3,"16":3,"17":3,"18":3,"19":3,"20":3,"21":3,"22":3,"23":3,"24":3,"25":3,"26":3,"27":0,"28":0,"29":0,"30":0,"31":1},"f":{"0":3,"1":3,"2":3,"3":0,"4":0,"5":3,"6":3,"7":3,"8":3,"9":3,"10":3,"11":3,"12":3,"13":3,"14":3,"15":3,"16":3,"17":3,"18":3,"19":3,"20":0,"21":0,"22":0,"23":1},"b":{"0":[0],"1":[0],"2":[0],"3":[0],"4":[0],"5":[0]},"_coverageSchema":"1a1c01bbd47fc00a2c39e90264f33305004495a9","hash":"414896a47b444ec3ad10c4761ccc6ace31386372"}
,"D:\\code\\React\\MoviesAPI\\src\\redux\\reducers\\index.js": {"path":"D:\\code\\React\\MoviesAPI\\src\\redux\\reducers\\index.js","statementMap":{"0":{"start":{"line":3,"column":10},"end":{"line":19,"column":1}},"1":{"start":{"line":21,"column":21},"end":{"line":31,"column":1}},"2":{"start":{"line":34,"column":4},"end":{"line":97,"column":5}},"3":{"start":{"line":36,"column":12},"end":{"line":41,"column":13}},"4":{"start":{"line":43,"column":12},"end":{"line":46,"column":13}},"5":{"start":{"line":48,"column":12},"end":{"line":51,"column":13}},"6":{"start":{"line":53,"column":12},"end":{"line":56,"column":13}},"7":{"start":{"line":55,"column":61},"end":{"line":55,"column":87}},"8":{"start":{"line":58,"column":12},"end":{"line":66,"column":13}},"9":{"start":{"line":61,"column":20},"end":{"line":63,"column":21}},"10":{"start":{"line":62,"column":24},"end":{"line":62,"column":45}},"11":{"start":{"line":64,"column":20},"end":{"line":64,"column":32}},"12":{"start":{"line":68,"column":12},"end":{"line":73,"column":13}},"13":{"start":{"line":75,"column":12},"end":{"line":80,"column":13}},"14":{"start":{"line":82,"column":12},"end":{"line":89,"column":13}},"15":{"start":{"line":91,"column":12},"end":{"line":94,"column":13}},"16":{"start":{"line":96,"column":12},"end":{"line":96,"column":24}}},"fnMap":{"0":{"name":"rootReducer","decl":{"start":{"line":33,"column":9},"end":{"line":33,"column":20}},"loc":{"start":{"line":33,"column":51},"end":{"line":98,"column":1}},"line":33},"1":{"name":"(anonymous_1)","decl":{"start":{"line":55,"column":50},"end":{"line":55,"column":51}},"loc":{"start":{"line":55,"column":61},"end":{"line":55,"column":87}},"line":55},"2":{"name":"(anonymous_2)","decl":{"start":{"line":60,"column":47},"end":{"line":60,"column":48}},"loc":{"start":{"line":60,"column":62},"end":{"line":65,"column":17}},"line":60}},"branchMap":{"0":{"loc":{"start":{"line":33,"column":21},"end":{"line":33,"column":41}},"type":"default-arg","locations":[{"start":{"line":33,"column":29},"end":{"line":33,"column":41}}],"line":33},"1":{"loc":{"start":{"line":34,"column":4},"end":{"line":97,"column":5}},"type":"switch","locations":[{"start":{"line":35,"column":8},"end":{"line":41,"column":13}},{"start":{"line":42,"column":8},"end":{"line":46,"column":13}},{"start":{"line":47,"column":8},"end":{"line":51,"column":13}},{"start":{"line":52,"column":8},"end":{"line":56,"column":13}},{"start":{"line":57,"column":8},"end":{"line":66,"column":13}},{"start":{"line":67,"column":8},"end":{"line":73,"column":13}},{"start":{"line":74,"column":8},"end":{"line":80,"column":13}},{"start":{"line":81,"column":8},"end":{"line":89,"column":13}},{"start":{"line":90,"column":8},"end":{"line":94,"column":13}},{"start":{"line":95,"column":8},"end":{"line":96,"column":24}}],"line":34},"2":{"loc":{"start":{"line":40,"column":31},"end":{"line":40,"column":88}},"type":"cond-expr","locations":[{"start":{"line":40,"column":64},"end":{"line":40,"column":66}},{"start":{"line":40,"column":69},"end":{"line":40,"column":88}}],"line":40},"3":{"loc":{"start":{"line":61,"column":20},"end":{"line":63,"column":21}},"type":"if","locations":[{"start":{"line":61,"column":20},"end":{"line":63,"column":21}},{"start":{"line":61,"column":20},"end":{"line":63,"column":21}}],"line":61}},"s":{"0":1,"1":1,"2":10,"3":1,"4":1,"5":1,"6":1,"7":3,"8":1,"9":3,"10":1,"11":2,"12":1,"13":1,"14":1,"15":1,"16":1},"f":{"0":10,"1":3,"2":3},"b":{"0":[0],"1":[1,1,1,1,1,1,1,1,1,1],"2":[0,1],"3":[1,2]},"_coverageSchema":"1a1c01bbd47fc00a2c39e90264f33305004495a9","hash":"e23e66650abd0a825ebd8e287ef97e48b1661e5a"}
,"D:\\code\\React\\MoviesAPI\\src\\redux\\selectors\\index.js": {"path":"D:\\code\\React\\MoviesAPI\\src\\redux\\selectors\\index.js","statementMap":{"0":{"start":{"line":2,"column":4},"end":{"line":2,"column":26}},"1":{"start":{"line":6,"column":4},"end":{"line":6,"column":32}},"2":{"start":{"line":10,"column":4},"end":{"line":10,"column":29}},"3":{"start":{"line":14,"column":4},"end":{"line":14,"column":23}},"4":{"start":{"line":18,"column":4},"end":{"line":18,"column":26}},"5":{"start":{"line":22,"column":4},"end":{"line":22,"column":24}},"6":{"start":{"line":26,"column":4},"end":{"line":26,"column":30}},"7":{"start":{"line":30,"column":4},"end":{"line":30,"column":23}}},"fnMap":{"0":{"name":"getSearchResultItems","decl":{"start":{"line":1,"column":16},"end":{"line":1,"column":36}},"loc":{"start":{"line":1,"column":44},"end":{"line":3,"column":1}},"line":1},"1":{"name":"getFilterItems","decl":{"start":{"line":5,"column":16},"end":{"line":5,"column":30}},"loc":{"start":{"line":5,"column":38},"end":{"line":7,"column":1}},"line":5},"2":{"name":"getCurrentMovie","decl":{"start":{"line":9,"column":16},"end":{"line":9,"column":31}},"loc":{"start":{"line":9,"column":39},"end":{"line":11,"column":1}},"line":9},"3":{"name":"getSortBy","decl":{"start":{"line":13,"column":16},"end":{"line":13,"column":25}},"loc":{"start":{"line":13,"column":33},"end":{"line":15,"column":1}},"line":13},"4":{"name":"getSortOrder","decl":{"start":{"line":17,"column":16},"end":{"line":17,"column":28}},"loc":{"start":{"line":17,"column":36},"end":{"line":19,"column":1}},"line":17},"5":{"name":"getFilters","decl":{"start":{"line":21,"column":16},"end":{"line":21,"column":26}},"loc":{"start":{"line":21,"column":34},"end":{"line":23,"column":1}},"line":21},"6":{"name":"getSelectedItem","decl":{"start":{"line":25,"column":16},"end":{"line":25,"column":31}},"loc":{"start":{"line":25,"column":39},"end":{"line":27,"column":1}},"line":25},"7":{"name":"getSearchQuery","decl":{"start":{"line":29,"column":16},"end":{"line":29,"column":30}},"loc":{"start":{"line":29,"column":38},"end":{"line":31,"column":1}},"line":29}},"branchMap":{},"s":{"0":1,"1":27,"2":1,"3":1,"4":1,"5":1,"6":1,"7":1},"f":{"0":1,"1":27,"2":1,"3":1,"4":1,"5":1,"6":1,"7":1},"b":{},"_coverageSchema":"1a1c01bbd47fc00a2c39e90264f33305004495a9","hash":"622fc454c49750dac3bea80c24efb50c461ce2ac"}
,"D:\\code\\React\\MoviesAPI\\src\\services\\index.js": {"path":"D:\\code\\React\\MoviesAPI\\src\\services\\index.js","statementMap":{"0":{"start":{"line":3,"column":16},"end":{"line":3,"column":39}},"1":{"start":{"line":14,"column":4},"end":{"line":29,"column":5}},"2":{"start":{"line":15,"column":8},"end":{"line":15,"column":29}},"3":{"start":{"line":18,"column":8},"end":{"line":28,"column":10}},"4":{"start":{"line":27,"column":12},"end":{"line":27,"column":37}},"5":{"start":{"line":33,"column":20},"end":{"line":35,"column":5}},"6":{"start":{"line":37,"column":4},"end":{"line":43,"column":5}},"7":{"start":{"line":38,"column":8},"end":{"line":38,"column":27}},"8":{"start":{"line":41,"column":8},"end":{"line":42,"column":44}},"9":{"start":{"line":42,"column":30},"end":{"line":42,"column":43}},"10":{"start":{"line":47,"column":20},"end":{"line":49,"column":5}},"11":{"start":{"line":51,"column":4},"end":{"line":57,"column":5}},"12":{"start":{"line":52,"column":8},"end":{"line":52,"column":28}},"13":{"start":{"line":55,"column":8},"end":{"line":56,"column":44}},"14":{"start":{"line":56,"column":30},"end":{"line":56,"column":43}},"15":{"start":{"line":61,"column":4},"end":{"line":67,"column":5}},"16":{"start":{"line":62,"column":8},"end":{"line":62,"column":30}},"17":{"start":{"line":65,"column":8},"end":{"line":66,"column":44}},"18":{"start":{"line":66,"column":30},"end":{"line":66,"column":43}},"19":{"start":{"line":71,"column":4},"end":{"line":77,"column":5}},"20":{"start":{"line":72,"column":8},"end":{"line":72,"column":27}},"21":{"start":{"line":75,"column":8},"end":{"line":76,"column":44}},"22":{"start":{"line":76,"column":30},"end":{"line":76,"column":43}}},"fnMap":{"0":{"name":"loadMovies","decl":{"start":{"line":5,"column":16},"end":{"line":5,"column":26}},"loc":{"start":{"line":12,"column":3},"end":{"line":30,"column":1}},"line":12},"1":{"name":"(anonymous_1)","decl":{"start":{"line":26,"column":16},"end":{"line":26,"column":17}},"loc":{"start":{"line":26,"column":28},"end":{"line":28,"column":9}},"line":26},"2":{"name":"addMovie","decl":{"start":{"line":32,"column":16},"end":{"line":32,"column":24}},"loc":{"start":{"line":32,"column":59},"end":{"line":44,"column":1}},"line":32},"3":{"name":"(anonymous_3)","decl":{"start":{"line":42,"column":18},"end":{"line":42,"column":19}},"loc":{"start":{"line":42,"column":30},"end":{"line":42,"column":43}},"line":42},"4":{"name":"editMovie","decl":{"start":{"line":46,"column":16},"end":{"line":46,"column":25}},"loc":{"start":{"line":46,"column":61},"end":{"line":58,"column":1}},"line":46},"5":{"name":"(anonymous_5)","decl":{"start":{"line":56,"column":18},"end":{"line":56,"column":19}},"loc":{"start":{"line":56,"column":30},"end":{"line":56,"column":43}},"line":56},"6":{"name":"deleteMovie","decl":{"start":{"line":60,"column":16},"end":{"line":60,"column":27}},"loc":{"start":{"line":60,"column":63},"end":{"line":68,"column":1}},"line":60},"7":{"name":"(anonymous_7)","decl":{"start":{"line":66,"column":18},"end":{"line":66,"column":19}},"loc":{"start":{"line":66,"column":30},"end":{"line":66,"column":43}},"line":66},"8":{"name":"getMovie","decl":{"start":{"line":70,"column":16},"end":{"line":70,"column":24}},"loc":{"start":{"line":70,"column":57},"end":{"line":78,"column":1}},"line":70},"9":{"name":"(anonymous_9)","decl":{"start":{"line":76,"column":18},"end":{"line":76,"column":19}},"loc":{"start":{"line":76,"column":30},"end":{"line":76,"column":43}},"line":76}},"branchMap":{"0":{"loc":{"start":{"line":6,"column":4},"end":{"line":6,"column":16}},"type":"default-arg","locations":[{"start":{"line":6,"column":14},"end":{"line":6,"column":16}}],"line":6},"1":{"loc":{"start":{"line":7,"column":4},"end":{"line":7,"column":15}},"type":"default-arg","locations":[{"start":{"line":7,"column":13},"end":{"line":7,"column":15}}],"line":7},"2":{"loc":{"start":{"line":8,"column":4},"end":{"line":8,"column":18}},"type":"default-arg","locations":[{"start":{"line":8,"column":16},"end":{"line":8,"column":18}}],"line":8},"3":{"loc":{"start":{"line":9,"column":4},"end":{"line":9,"column":15}},"type":"default-arg","locations":[{"start":{"line":9,"column":13},"end":{"line":9,"column":15}}],"line":9},"4":{"loc":{"start":{"line":10,"column":4},"end":{"line":10,"column":22}},"type":"default-arg","locations":[{"start":{"line":10,"column":15},"end":{"line":10,"column":22}}],"line":10},"5":{"loc":{"start":{"line":11,"column":4},"end":{"line":11,"column":23}},"type":"default-arg","locations":[{"start":{"line":11,"column":19},"end":{"line":11,"column":23}}],"line":11},"6":{"loc":{"start":{"line":14,"column":4},"end":{"line":29,"column":5}},"type":"if","locations":[{"start":{"line":14,"column":4},"end":{"line":29,"column":5}},{"start":{"line":14,"column":4},"end":{"line":29,"column":5}}],"line":14},"7":{"loc":{"start":{"line":32,"column":39},"end":{"line":32,"column":56}},"type":"default-arg","locations":[{"start":{"line":32,"column":52},"end":{"line":32,"column":56}}],"line":32},"8":{"loc":{"start":{"line":37,"column":4},"end":{"line":43,"column":5}},"type":"if","locations":[{"start":{"line":37,"column":4},"end":{"line":43,"column":5}},{"start":{"line":37,"column":4},"end":{"line":43,"column":5}}],"line":37},"9":{"loc":{"start":{"line":46,"column":40},"end":{"line":46,"column":58}},"type":"default-arg","locations":[{"start":{"line":46,"column":54},"end":{"line":46,"column":58}}],"line":46},"10":{"loc":{"start":{"line":51,"column":4},"end":{"line":57,"column":5}},"type":"if","locations":[{"start":{"line":51,"column":4},"end":{"line":57,"column":5}},{"start":{"line":51,"column":4},"end":{"line":57,"column":5}}],"line":51},"11":{"loc":{"start":{"line":60,"column":39},"end":{"line":60,"column":59}},"type":"default-arg","locations":[{"start":{"line":60,"column":55},"end":{"line":60,"column":59}}],"line":60},"12":{"loc":{"start":{"line":61,"column":4},"end":{"line":67,"column":5}},"type":"if","locations":[{"start":{"line":61,"column":4},"end":{"line":67,"column":5}},{"start":{"line":61,"column":4},"end":{"line":67,"column":5}}],"line":61},"13":{"loc":{"start":{"line":70,"column":36},"end":{"line":70,"column":53}},"type":"default-arg","locations":[{"start":{"line":70,"column":49},"end":{"line":70,"column":53}}],"line":70},"14":{"loc":{"start":{"line":71,"column":4},"end":{"line":77,"column":5}},"type":"if","locations":[{"start":{"line":71,"column":4},"end":{"line":77,"column":5}},{"start":{"line":71,"column":4},"end":{"line":77,"column":5}}],"line":71}},"s":{"0":3,"1":1,"2":1,"3":0,"4":0,"5":1,"6":1,"7":1,"8":0,"9":0,"10":1,"11":1,"12":1,"13":0,"14":0,"15":1,"16":1,"17":0,"18":0,"19":1,"20":1,"21":0,"22":0},"f":{"0":1,"1":0,"2":1,"3":0,"4":1,"5":0,"6":1,"7":0,"8":1,"9":0},"b":{"0":[1],"1":[1],"2":[1],"3":[1],"4":[1],"5":[0],"6":[1,0],"7":[0],"8":[1,0],"9":[0],"10":[1,0],"11":[0],"12":[1,0],"13":[0],"14":[1,0]},"_coverageSchema":"1a1c01bbd47fc00a2c39e90264f33305004495a9","hash":"fe44bcbae7cf90aef181853b308c78f182b197aa"}
}
