TN:
SF:src\components\Button\Button.js
FN:6,(anonymous_0)
FN:13,handleClick
FNF:2
FNH:1
FNDA:115,(anonymous_0)
FNDA:0,handleClick
DA:6,2
DA:14,0
DA:17,115
DA:25,2
LF:4
LH:3
BRDA:7,0,0,58
BRDA:8,1,0,0
BRDA:9,2,0,1
BRDA:11,3,0,60
BRDA:18,4,0,115
BRDA:18,4,1,0
BRF:6
BRH:4
end_of_record
TN:
SF:src\components\Button\index.js
FNF:0
FNH:0
LF:0
LH:0
BRF:0
BRH:0
end_of_record
TN:
SF:src\components\Button\styles.pcss
FN:8,(anonymous_0)
FN:15,(anonymous_1)
FNF:2
FNH:1
FNDA:232,(anonymous_0)
FNDA:0,(anonymous_1)
DA:1,2
DA:3,2
DA:4,2
DA:7,2
DA:9,232
DA:10,230
DA:12,2
DA:16,0
DA:20,0
DA:23,0
LF:10
LH:7
BRDA:3,0,0,2
BRDA:3,0,1,0
BRDA:3,1,0,2
BRDA:3,1,1,2
BRDA:9,2,0,230
BRDA:9,2,1,2
BRF:6
BRH:5
end_of_record
TN:
SF:src\components\Checkbox\Checkbox.js
FN:6,(anonymous_0)
FN:14,handleChange
FNF:2
FNH:1
FNDA:3,(anonymous_0)
FNDA:0,handleChange
DA:6,3
DA:15,0
DA:18,3
DA:30,3
LF:4
LH:3
BRDA:7,0,0,3
BRDA:8,1,0,1
BRDA:9,2,0,3
BRF:3
BRH:3
end_of_record
TN:
SF:src\components\Checkbox\index.js
FNF:0
FNH:0
LF:0
LH:0
BRF:0
BRH:0
end_of_record
TN:
SF:src\components\Checkbox\styles.pcss
FN:8,(anonymous_0)
FN:15,(anonymous_1)
FNF:2
FNH:1
FNDA:12,(anonymous_0)
FNDA:0,(anonymous_1)
DA:1,3
DA:3,3
DA:4,3
DA:7,3
DA:9,12
DA:10,9
DA:12,3
DA:16,0
DA:20,0
DA:23,0
LF:10
LH:7
BRDA:3,0,0,3
BRDA:3,0,1,0
BRDA:3,1,0,3
BRDA:3,1,1,3
BRDA:9,2,0,9
BRDA:9,2,1,3
BRF:6
BRH:5
end_of_record
TN:
SF:src\components\Dropdown\Dropdown.js
FN:6,(anonymous_0)
FN:14,handleTriggerClick
FNF:2
FNH:1
FNDA:59,(anonymous_0)
FNDA:0,handleTriggerClick
DA:6,2
DA:12,59
DA:15,0
DA:18,59
DA:30,2
LF:5
LH:4
BRDA:7,0,0,59
BRDA:8,1,0,59
BRDA:18,2,0,59
BRDA:18,2,1,59
BRDA:18,3,0,0
BRDA:18,3,1,59
BRDA:22,4,0,0
BRDA:22,4,1,59
BRDA:25,5,0,59
BRDA:25,5,1,0
BRF:10
BRH:7
end_of_record
TN:
SF:src\components\Dropdown\index.js
FNF:0
FNH:0
LF:0
LH:0
BRF:0
BRH:0
end_of_record
TN:
SF:src\components\Dropdown\styles.pcss
FN:8,(anonymous_0)
FN:15,(anonymous_1)
FNF:2
FNH:1
FNDA:356,(anonymous_0)
FNDA:0,(anonymous_1)
DA:1,2
DA:3,2
DA:4,2
DA:7,2
DA:9,356
DA:10,354
DA:12,2
DA:16,0
DA:20,0
DA:23,0
LF:10
LH:7
BRDA:3,0,0,2
BRDA:3,0,1,0
BRDA:3,1,0,2
BRDA:3,1,1,2
BRDA:9,2,0,354
BRDA:9,2,1,2
BRF:6
BRH:5
end_of_record
TN:
SF:src\components\Input\Input.js
FN:6,(anonymous_0)
FNF:1
FNH:1
FNDA:280,(anonymous_0)
DA:6,2
DA:19,280
DA:32,2
LF:3
LH:3
BRDA:7,0,0,0
BRDA:8,1,0,0
BRDA:9,2,0,275
BRDA:10,3,0,280
BRDA:11,4,0,0
BRDA:12,5,0,0
BRDA:13,6,0,0
BRDA:15,7,0,4
BRDA:16,8,0,280
BRDA:22,9,0,280
BRDA:22,9,1,280
BRF:11
BRH:6
end_of_record
TN:
SF:src\components\Input\index.js
FNF:0
FNH:0
LF:0
LH:0
BRF:0
BRH:0
end_of_record
TN:
SF:src\components\Input\styles.pcss
FN:8,(anonymous_0)
FN:15,(anonymous_1)
FNF:2
FNH:1
FNDA:562,(anonymous_0)
FNDA:0,(anonymous_1)
DA:1,2
DA:3,2
DA:4,2
DA:7,2
DA:9,562
DA:10,560
DA:12,2
DA:16,0
DA:20,0
DA:23,0
LF:10
LH:7
BRDA:3,0,0,2
BRDA:3,0,1,0
BRDA:3,1,0,2
BRDA:3,1,1,2
BRDA:9,2,0,560
BRDA:9,2,1,2
BRF:6
BRH:5
end_of_record
TN:
SF:src\components\Modal\AddMovie.js
FN:18,(anonymous_0)
FN:29,handleSelectedGenresChange
FN:37,handleResetButtonClick
FN:41,handleSubmitClick
FN:53,(anonymous_4)
FN:53,(anonymous_5)
FN:86,(anonymous_6)
FNF:7
FNH:1
FNDA:55,(anonymous_0)
FNDA:0,handleSelectedGenresChange
FNDA:0,handleResetButtonClick
FNDA:0,handleSubmitClick
FNDA:0,(anonymous_4)
FNDA:0,(anonymous_5)
FNDA:0,(anonymous_6)
DA:18,1
DA:22,55
DA:23,55
DA:24,55
DA:26,55
DA:27,55
DA:30,0
DA:32,0
DA:33,0
DA:38,0
DA:42,0
DA:43,0
DA:44,0
DA:47,0
DA:53,0
DA:56,0
DA:57,0
DA:60,55
DA:87,0
DA:91,55
DA:232,1
LF:21
LH:9
BRDA:26,0,0,55
BRDA:26,0,1,55
BRDA:32,1,0,0
BRDA:32,1,1,0
BRDA:42,2,0,0
BRDA:42,2,1,0
BRDA:91,3,0,55
BRDA:91,3,1,0
BRDA:109,4,0,0
BRDA:109,4,1,55
BRDA:109,5,0,55
BRDA:109,5,1,0
BRDA:129,6,0,0
BRDA:129,6,1,55
BRDA:129,7,0,55
BRDA:129,7,1,0
BRDA:149,8,0,0
BRDA:149,8,1,55
BRDA:149,9,0,55
BRDA:149,9,1,0
BRDA:165,10,0,0
BRDA:165,10,1,55
BRDA:185,11,0,0
BRDA:185,11,1,55
BRDA:185,12,0,55
BRDA:185,12,1,0
BRDA:205,13,0,0
BRDA:205,13,1,55
BRDA:205,14,0,55
BRDA:205,14,1,0
BRF:30
BRH:14
end_of_record
TN:
SF:src\components\Modal\Modal.js
FN:7,(anonymous_0)
FN:15,handleCloseButtonClick
FNF:2
FNH:1
FNDA:1,(anonymous_0)
FNDA:0,handleCloseButtonClick
DA:7,1
DA:13,1
DA:16,0
DA:17,0
DA:20,1
DA:32,1
LF:6
LH:4
BRDA:10,0,0,1
BRDA:29,1,0,1
BRDA:29,1,1,1
BRF:3
BRH:3
end_of_record
TN:
SF:src\components\Modal\styles.pcss
FN:8,(anonymous_0)
FN:15,(anonymous_1)
FNF:2
FNH:1
FNDA:1822,(anonymous_0)
FNDA:0,(anonymous_1)
DA:1,2
DA:3,2
DA:4,2
DA:7,2
DA:9,1822
DA:10,1820
DA:12,2
DA:16,0
DA:20,0
DA:23,0
LF:10
LH:7
BRDA:3,0,0,2
BRDA:3,0,1,0
BRDA:3,1,0,2
BRDA:3,1,1,2
BRDA:9,2,0,1820
BRDA:9,2,1,2
BRF:6
BRH:5
end_of_record
TN:
SF:src\components\MultiSelect\MultiSelect.js
FN:8,(anonymous_0)
FN:15,handleItemChange
FN:18,(anonymous_2)
FN:24,(anonymous_3)
FN:25,(anonymous_4)
FN:33,(anonymous_5)
FN:33,(anonymous_6)
FNF:7
FNH:5
FNDA:59,(anonymous_0)
FNDA:0,handleItemChange
FNDA:0,(anonymous_2)
FNDA:4,(anonymous_3)
FNDA:5,(anonymous_4)
FNDA:12,(anonymous_5)
FNDA:12,(anonymous_6)
DA:8,2
DA:16,0
DA:18,0
DA:20,0
DA:23,59
DA:24,4
DA:25,5
DA:29,59
DA:33,12
DA:44,2
LF:10
LH:7
BRDA:16,0,0,0
BRDA:16,0,1,0
BRDA:30,1,0,3
BRDA:30,1,1,56
BRF:4
BRH:2
end_of_record
TN:
SF:src\components\MultiSelect\index.js
FNF:0
FNH:0
LF:0
LH:0
BRF:0
BRH:0
end_of_record
TN:
SF:src\components\MultiSelect\styles.pcss
FN:8,(anonymous_0)
FN:15,(anonymous_1)
FNF:2
FNH:1
FNDA:14,(anonymous_0)
FNDA:0,(anonymous_1)
DA:1,2
DA:3,2
DA:4,2
DA:7,2
DA:9,14
DA:10,12
DA:12,2
DA:16,0
DA:20,0
DA:23,0
LF:10
LH:7
BRDA:3,0,0,2
BRDA:3,0,1,0
BRDA:3,1,0,2
BRDA:3,1,1,2
BRDA:9,2,0,12
BRDA:9,2,1,2
BRF:6
BRH:5
end_of_record
TN:
SF:src\components\data\filterItemsData.js
FNF:0
FNH:0
DA:1,1
LF:1
LH:1
BRF:0
BRH:0
end_of_record
TN:
SF:src\hooks\usePersistentState.js
FN:3,saveToStorage
FN:7,loadFromStorage
FN:11,usePersistentState
FN:12,(anonymous_3)
FN:16,(anonymous_4)
FNF:5
FNH:5
FNDA:1,saveToStorage
FNDA:1,loadFromStorage
FNDA:1,usePersistentState
FNDA:1,(anonymous_3)
FNDA:1,(anonymous_4)
DA:4,1
DA:8,1
DA:12,1
DA:13,1
DA:16,1
DA:17,1
DA:20,1
LF:7
LH:7
BRDA:13,0,0,1
BRDA:13,0,1,1
BRF:2
BRH:2
end_of_record
TN:
SF:src\redux\actions\index.js
FN:9,loadMovies
FN:10,(anonymous_1)
FN:21,(anonymous_2)
FN:34,initApp
FN:35,(anonymous_4)
FN:43,addMovie
FN:44,(anonymous_6)
FN:49,(anonymous_7)
FN:58,editMovie
FN:59,(anonymous_9)
FN:64,(anonymous_10)
FN:73,deleteMovie
FN:74,(anonymous_12)
FN:79,(anonymous_13)
FN:88,getMovie
FN:89,(anonymous_15)
FN:94,(anonymous_16)
FN:103,sortMoviesBy
FN:104,(anonymous_18)
FN:109,(anonymous_19)
FN:123,sortAndFilterMoviesBy
FN:124,(anonymous_21)
FN:129,(anonymous_22)
FN:145,resetApp
FNF:24
FNH:19
FNDA:3,loadMovies
FNDA:3,(anonymous_1)
FNDA:3,(anonymous_2)
FNDA:0,initApp
FNDA:0,(anonymous_4)
FNDA:3,addMovie
FNDA:3,(anonymous_6)
FNDA:3,(anonymous_7)
FNDA:3,editMovie
FNDA:3,(anonymous_9)
FNDA:3,(anonymous_10)
FNDA:3,deleteMovie
FNDA:3,(anonymous_12)
FNDA:3,(anonymous_13)
FNDA:3,getMovie
FNDA:3,(anonymous_15)
FNDA:3,(anonymous_16)
FNDA:3,sortMoviesBy
FNDA:3,(anonymous_18)
FNDA:3,(anonymous_19)
FNDA:0,sortAndFilterMoviesBy
FNDA:0,(anonymous_21)
FNDA:0,(anonymous_22)
FNDA:1,resetApp
DA:10,3
DA:11,3
DA:15,3
DA:22,3
DA:35,0
DA:36,0
DA:39,0
DA:44,3
DA:45,3
DA:49,3
DA:50,3
DA:59,3
DA:60,3
DA:64,3
DA:65,3
DA:74,3
DA:75,3
DA:79,3
DA:80,3
DA:89,3
DA:90,3
DA:94,3
DA:95,3
DA:104,3
DA:105,3
DA:109,3
DA:110,3
DA:124,0
DA:125,0
DA:129,0
DA:130,0
DA:146,1
LF:32
LH:25
BRDA:9,0,0,0
BRDA:43,1,0,0
BRDA:58,2,0,0
BRDA:73,3,0,0
BRDA:88,4,0,0
BRDA:103,5,0,0
BRF:6
BRH:0
end_of_record
TN:
SF:src\redux\reducers\index.js
FN:33,rootReducer
FN:55,(anonymous_1)
FN:60,(anonymous_2)
FNF:3
FNH:3
FNDA:10,rootReducer
FNDA:3,(anonymous_1)
FNDA:3,(anonymous_2)
DA:3,1
DA:21,1
DA:34,10
DA:36,1
DA:43,1
DA:48,1
DA:53,1
DA:55,3
DA:58,1
DA:61,3
DA:62,1
DA:64,2
DA:68,1
DA:75,1
DA:82,1
DA:91,1
DA:96,1
LF:17
LH:17
BRDA:33,0,0,0
BRDA:34,1,0,1
BRDA:34,1,1,1
BRDA:34,1,2,1
BRDA:34,1,3,1
BRDA:34,1,4,1
BRDA:34,1,5,1
BRDA:34,1,6,1
BRDA:34,1,7,1
BRDA:34,1,8,1
BRDA:34,1,9,1
BRDA:40,2,0,0
BRDA:40,2,1,1
BRDA:61,3,0,1
BRDA:61,3,1,2
BRF:15
BRH:13
end_of_record
TN:
SF:src\redux\selectors\index.js
FN:1,getSearchResultItems
FN:5,getFilterItems
FN:9,getCurrentMovie
FN:13,getSortBy
FN:17,getSortOrder
FN:21,getFilters
FN:25,getSelectedItem
FN:29,getSearchQuery
FNF:8
FNH:8
FNDA:1,getSearchResultItems
FNDA:27,getFilterItems
FNDA:1,getCurrentMovie
FNDA:1,getSortBy
FNDA:1,getSortOrder
FNDA:1,getFilters
FNDA:1,getSelectedItem
FNDA:1,getSearchQuery
DA:2,1
DA:6,27
DA:10,1
DA:14,1
DA:18,1
DA:22,1
DA:26,1
DA:30,1
LF:8
LH:8
BRF:0
BRH:0
end_of_record
TN:
SF:src\services\index.js
FN:5,loadMovies
FN:26,(anonymous_1)
FN:32,addMovie
FN:42,(anonymous_3)
FN:46,editMovie
FN:56,(anonymous_5)
FN:60,deleteMovie
FN:66,(anonymous_7)
FN:70,getMovie
FN:76,(anonymous_9)
FNF:10
FNH:5
FNDA:1,loadMovies
FNDA:0,(anonymous_1)
FNDA:1,addMovie
FNDA:0,(anonymous_3)
FNDA:1,editMovie
FNDA:0,(anonymous_5)
FNDA:1,deleteMovie
FNDA:0,(anonymous_7)
FNDA:1,getMovie
FNDA:0,(anonymous_9)
DA:3,3
DA:14,1
DA:15,1
DA:18,0
DA:27,0
DA:33,1
DA:37,1
DA:38,1
DA:41,0
DA:42,0
DA:47,1
DA:51,1
DA:52,1
DA:55,0
DA:56,0
DA:61,1
DA:62,1
DA:65,0
DA:66,0
DA:71,1
DA:72,1
DA:75,0
DA:76,0
LF:23
LH:13
BRDA:6,0,0,1
BRDA:7,1,0,1
BRDA:8,2,0,1
BRDA:9,3,0,1
BRDA:10,4,0,1
BRDA:11,5,0,0
BRDA:14,6,0,1
BRDA:14,6,1,0
BRDA:32,7,0,0
BRDA:37,8,0,1
BRDA:37,8,1,0
BRDA:46,9,0,0
BRDA:51,10,0,1
BRDA:51,10,1,0
BRDA:60,11,0,0
BRDA:61,12,0,1
BRDA:61,12,1,0
BRDA:70,13,0,0
BRDA:71,14,0,1
BRDA:71,14,1,0
BRF:20
BRH:10
end_of_record
